The system is: Darwin - 17.7.0 - x86_64
Compiling the C compiler identification source file "CMakeCCompilerId.c" succeeded.
Compiler: /Applications/Xcode.app/Contents/Developer/Toolchains/XcodeDefault.xctoolchain/usr/bin/cc 
Build flags: 
Id flags:  

The output was:
0


Compilation of the C compiler identification source "CMakeCCompilerId.c" produced "a.out"

The C compiler identification is AppleClang, found in "/Users/macbook/.emacs.d/rtags-2.14/CMakeFiles/3.11.3/CompilerIdC/a.out"

Compiling the CXX compiler identification source file "CMakeCXXCompilerId.cpp" succeeded.
Compiler: /Applications/Xcode.app/Contents/Developer/Toolchains/XcodeDefault.xctoolchain/usr/bin/c++ 
Build flags: 
Id flags:  

The output was:
0


Compilation of the CXX compiler identification source "CMakeCXXCompilerId.cpp" produced "a.out"

The CXX compiler identification is AppleClang, found in "/Users/macbook/.emacs.d/rtags-2.14/CMakeFiles/3.11.3/CompilerIdCXX/a.out"

Determining if the C compiler works passed with the following output:
Change Dir: /Users/macbook/.emacs.d/rtags-2.14/CMakeFiles/CMakeTmp

Run Build Command:"/usr/bin/make" "cmTC_3992b/fast"
/Applications/Xcode.app/Contents/Developer/usr/bin/make -f CMakeFiles/cmTC_3992b.dir/build.make CMakeFiles/cmTC_3992b.dir/build
Building C object CMakeFiles/cmTC_3992b.dir/testCCompiler.c.o
/Applications/Xcode.app/Contents/Developer/Toolchains/XcodeDefault.xctoolchain/usr/bin/cc    -o CMakeFiles/cmTC_3992b.dir/testCCompiler.c.o   -c /Users/macbook/.emacs.d/rtags-2.14/CMakeFiles/CMakeTmp/testCCompiler.c
Linking C executable cmTC_3992b
/usr/local/Cellar/cmake/3.11.3/bin/cmake -E cmake_link_script CMakeFiles/cmTC_3992b.dir/link.txt --verbose=1
/Applications/Xcode.app/Contents/Developer/Toolchains/XcodeDefault.xctoolchain/usr/bin/cc   -Wl,-search_paths_first -Wl,-headerpad_max_install_names   CMakeFiles/cmTC_3992b.dir/testCCompiler.c.o  -o cmTC_3992b 


Detecting C compiler ABI info compiled with the following output:
Change Dir: /Users/macbook/.emacs.d/rtags-2.14/CMakeFiles/CMakeTmp

Run Build Command:"/usr/bin/make" "cmTC_ed49c/fast"
/Applications/Xcode.app/Contents/Developer/usr/bin/make -f CMakeFiles/cmTC_ed49c.dir/build.make CMakeFiles/cmTC_ed49c.dir/build
Building C object CMakeFiles/cmTC_ed49c.dir/CMakeCCompilerABI.c.o
/Applications/Xcode.app/Contents/Developer/Toolchains/XcodeDefault.xctoolchain/usr/bin/cc    -o CMakeFiles/cmTC_ed49c.dir/CMakeCCompilerABI.c.o   -c /usr/local/Cellar/cmake/3.11.3/share/cmake/Modules/CMakeCCompilerABI.c
Linking C executable cmTC_ed49c
/usr/local/Cellar/cmake/3.11.3/bin/cmake -E cmake_link_script CMakeFiles/cmTC_ed49c.dir/link.txt --verbose=1
/Applications/Xcode.app/Contents/Developer/Toolchains/XcodeDefault.xctoolchain/usr/bin/cc   -Wl,-search_paths_first -Wl,-headerpad_max_install_names  -v -Wl,-v CMakeFiles/cmTC_ed49c.dir/CMakeCCompilerABI.c.o  -o cmTC_ed49c 
Apple LLVM version 9.1.0 (clang-902.0.39.2)
Target: x86_64-apple-darwin17.7.0
Thread model: posix
InstalledDir: /Applications/Xcode.app/Contents/Developer/Toolchains/XcodeDefault.xctoolchain/usr/bin
 "/Applications/Xcode.app/Contents/Developer/Toolchains/XcodeDefault.xctoolchain/usr/bin/ld" -demangle -lto_library /Applications/Xcode.app/Contents/Developer/Toolchains/XcodeDefault.xctoolchain/usr/lib/libLTO.dylib -dynamic -arch x86_64 -macosx_version_min 10.13.0 -o cmTC_ed49c -search_paths_first -headerpad_max_install_names -v CMakeFiles/cmTC_ed49c.dir/CMakeCCompilerABI.c.o -lSystem /Applications/Xcode.app/Contents/Developer/Toolchains/XcodeDefault.xctoolchain/usr/lib/clang/9.1.0/lib/darwin/libclang_rt.osx.a
@(#)PROGRAM:ld  PROJECT:ld64-351.8
configured to support archs: armv6 armv7 armv7s arm64 i386 x86_64 x86_64h armv6m armv7k armv7m armv7em (tvOS)
Library search paths:
	/usr/lib
	/usr/local/lib
Framework search paths:
	/Library/Frameworks/
	/System/Library/Frameworks/


Parsed C implicit link information from above output:
  link line regex: [^( *|.*[/\])(ld|CMAKE_LINK_STARTFILE-NOTFOUND|([^/\]+-)?ld|collect2)[^/\]*( |$)]
  ignore line: [Change Dir: /Users/macbook/.emacs.d/rtags-2.14/CMakeFiles/CMakeTmp]
  ignore line: []
  ignore line: [Run Build Command:"/usr/bin/make" "cmTC_ed49c/fast"]
  ignore line: [/Applications/Xcode.app/Contents/Developer/usr/bin/make -f CMakeFiles/cmTC_ed49c.dir/build.make CMakeFiles/cmTC_ed49c.dir/build]
  ignore line: [Building C object CMakeFiles/cmTC_ed49c.dir/CMakeCCompilerABI.c.o]
  ignore line: [/Applications/Xcode.app/Contents/Developer/Toolchains/XcodeDefault.xctoolchain/usr/bin/cc    -o CMakeFiles/cmTC_ed49c.dir/CMakeCCompilerABI.c.o   -c /usr/local/Cellar/cmake/3.11.3/share/cmake/Modules/CMakeCCompilerABI.c]
  ignore line: [Linking C executable cmTC_ed49c]
  ignore line: [/usr/local/Cellar/cmake/3.11.3/bin/cmake -E cmake_link_script CMakeFiles/cmTC_ed49c.dir/link.txt --verbose=1]
  ignore line: [/Applications/Xcode.app/Contents/Developer/Toolchains/XcodeDefault.xctoolchain/usr/bin/cc   -Wl,-search_paths_first -Wl,-headerpad_max_install_names  -v -Wl,-v CMakeFiles/cmTC_ed49c.dir/CMakeCCompilerABI.c.o  -o cmTC_ed49c ]
  ignore line: [Apple LLVM version 9.1.0 (clang-902.0.39.2)]
  ignore line: [Target: x86_64-apple-darwin17.7.0]
  ignore line: [Thread model: posix]
  ignore line: [InstalledDir: /Applications/Xcode.app/Contents/Developer/Toolchains/XcodeDefault.xctoolchain/usr/bin]
  link line: [ "/Applications/Xcode.app/Contents/Developer/Toolchains/XcodeDefault.xctoolchain/usr/bin/ld" -demangle -lto_library /Applications/Xcode.app/Contents/Developer/Toolchains/XcodeDefault.xctoolchain/usr/lib/libLTO.dylib -dynamic -arch x86_64 -macosx_version_min 10.13.0 -o cmTC_ed49c -search_paths_first -headerpad_max_install_names -v CMakeFiles/cmTC_ed49c.dir/CMakeCCompilerABI.c.o -lSystem /Applications/Xcode.app/Contents/Developer/Toolchains/XcodeDefault.xctoolchain/usr/lib/clang/9.1.0/lib/darwin/libclang_rt.osx.a]
    arg [/Applications/Xcode.app/Contents/Developer/Toolchains/XcodeDefault.xctoolchain/usr/bin/ld] ==> ignore
    arg [-demangle] ==> ignore
    arg [-lto_library] ==> ignore, skip following value
    arg [/Applications/Xcode.app/Contents/Developer/Toolchains/XcodeDefault.xctoolchain/usr/lib/libLTO.dylib] ==> skip value of -lto_library
    arg [-dynamic] ==> ignore
    arg [-arch] ==> ignore
    arg [x86_64] ==> ignore
    arg [-macosx_version_min] ==> ignore
    arg [10.13.0] ==> ignore
    arg [-o] ==> ignore
    arg [cmTC_ed49c] ==> ignore
    arg [-search_paths_first] ==> ignore
    arg [-headerpad_max_install_names] ==> ignore
    arg [-v] ==> ignore
    arg [CMakeFiles/cmTC_ed49c.dir/CMakeCCompilerABI.c.o] ==> ignore
    arg [-lSystem] ==> lib [System]
    arg [/Applications/Xcode.app/Contents/Developer/Toolchains/XcodeDefault.xctoolchain/usr/lib/clang/9.1.0/lib/darwin/libclang_rt.osx.a] ==> lib [/Applications/Xcode.app/Contents/Developer/Toolchains/XcodeDefault.xctoolchain/usr/lib/clang/9.1.0/lib/darwin/libclang_rt.osx.a]
  Library search paths: [;/usr/lib;/usr/local/lib]
  Framework search paths: [;/Library/Frameworks/;/System/Library/Frameworks/]
  remove lib [System]
  remove lib [/Applications/Xcode.app/Contents/Developer/Toolchains/XcodeDefault.xctoolchain/usr/lib/clang/9.1.0/lib/darwin/libclang_rt.osx.a]
  collapse library dir [/usr/lib] ==> [/usr/lib]
  collapse library dir [/usr/local/lib] ==> [/usr/local/lib]
  collapse framework dir [/Library/Frameworks/] ==> [/Library/Frameworks]
  collapse framework dir [/System/Library/Frameworks/] ==> [/System/Library/Frameworks]
  implicit libs: []
  implicit dirs: [/usr/lib;/usr/local/lib]
  implicit fwks: [/Library/Frameworks;/System/Library/Frameworks]




Detecting C [-std=c11] compiler features compiled with the following output:
Change Dir: /Users/macbook/.emacs.d/rtags-2.14/CMakeFiles/CMakeTmp

Run Build Command:"/usr/bin/make" "cmTC_45927/fast"
/Applications/Xcode.app/Contents/Developer/usr/bin/make -f CMakeFiles/cmTC_45927.dir/build.make CMakeFiles/cmTC_45927.dir/build
Building C object CMakeFiles/cmTC_45927.dir/feature_tests.c.o
/Applications/Xcode.app/Contents/Developer/Toolchains/XcodeDefault.xctoolchain/usr/bin/cc   -std=c11 -o CMakeFiles/cmTC_45927.dir/feature_tests.c.o   -c /Users/macbook/.emacs.d/rtags-2.14/CMakeFiles/feature_tests.c
Linking C executable cmTC_45927
/usr/local/Cellar/cmake/3.11.3/bin/cmake -E cmake_link_script CMakeFiles/cmTC_45927.dir/link.txt --verbose=1
/Applications/Xcode.app/Contents/Developer/Toolchains/XcodeDefault.xctoolchain/usr/bin/cc   -Wl,-search_paths_first -Wl,-headerpad_max_install_names   CMakeFiles/cmTC_45927.dir/feature_tests.c.o  -o cmTC_45927 


    Feature record: C_FEATURE:1c_function_prototypes
    Feature record: C_FEATURE:1c_restrict
    Feature record: C_FEATURE:1c_static_assert
    Feature record: C_FEATURE:1c_variadic_macros


Detecting C [-std=c99] compiler features compiled with the following output:
Change Dir: /Users/macbook/.emacs.d/rtags-2.14/CMakeFiles/CMakeTmp

Run Build Command:"/usr/bin/make" "cmTC_f8e26/fast"
/Applications/Xcode.app/Contents/Developer/usr/bin/make -f CMakeFiles/cmTC_f8e26.dir/build.make CMakeFiles/cmTC_f8e26.dir/build
Building C object CMakeFiles/cmTC_f8e26.dir/feature_tests.c.o
/Applications/Xcode.app/Contents/Developer/Toolchains/XcodeDefault.xctoolchain/usr/bin/cc   -std=c99 -o CMakeFiles/cmTC_f8e26.dir/feature_tests.c.o   -c /Users/macbook/.emacs.d/rtags-2.14/CMakeFiles/feature_tests.c
Linking C executable cmTC_f8e26
/usr/local/Cellar/cmake/3.11.3/bin/cmake -E cmake_link_script CMakeFiles/cmTC_f8e26.dir/link.txt --verbose=1
/Applications/Xcode.app/Contents/Developer/Toolchains/XcodeDefault.xctoolchain/usr/bin/cc   -Wl,-search_paths_first -Wl,-headerpad_max_install_names   CMakeFiles/cmTC_f8e26.dir/feature_tests.c.o  -o cmTC_f8e26 


    Feature record: C_FEATURE:1c_function_prototypes
    Feature record: C_FEATURE:1c_restrict
    Feature record: C_FEATURE:0c_static_assert
    Feature record: C_FEATURE:1c_variadic_macros


Detecting C [-std=c90] compiler features compiled with the following output:
Change Dir: /Users/macbook/.emacs.d/rtags-2.14/CMakeFiles/CMakeTmp

Run Build Command:"/usr/bin/make" "cmTC_45361/fast"
/Applications/Xcode.app/Contents/Developer/usr/bin/make -f CMakeFiles/cmTC_45361.dir/build.make CMakeFiles/cmTC_45361.dir/build
Building C object CMakeFiles/cmTC_45361.dir/feature_tests.c.o
/Applications/Xcode.app/Contents/Developer/Toolchains/XcodeDefault.xctoolchain/usr/bin/cc   -std=c90 -o CMakeFiles/cmTC_45361.dir/feature_tests.c.o   -c /Users/macbook/.emacs.d/rtags-2.14/CMakeFiles/feature_tests.c
Linking C executable cmTC_45361
/usr/local/Cellar/cmake/3.11.3/bin/cmake -E cmake_link_script CMakeFiles/cmTC_45361.dir/link.txt --verbose=1
/Applications/Xcode.app/Contents/Developer/Toolchains/XcodeDefault.xctoolchain/usr/bin/cc   -Wl,-search_paths_first -Wl,-headerpad_max_install_names   CMakeFiles/cmTC_45361.dir/feature_tests.c.o  -o cmTC_45361 


    Feature record: C_FEATURE:1c_function_prototypes
    Feature record: C_FEATURE:0c_restrict
    Feature record: C_FEATURE:0c_static_assert
    Feature record: C_FEATURE:0c_variadic_macros
Determining if the CXX compiler works passed with the following output:
Change Dir: /Users/macbook/.emacs.d/rtags-2.14/CMakeFiles/CMakeTmp

Run Build Command:"/usr/bin/make" "cmTC_335b9/fast"
/Applications/Xcode.app/Contents/Developer/usr/bin/make -f CMakeFiles/cmTC_335b9.dir/build.make CMakeFiles/cmTC_335b9.dir/build
Building CXX object CMakeFiles/cmTC_335b9.dir/testCXXCompiler.cxx.o
/Applications/Xcode.app/Contents/Developer/Toolchains/XcodeDefault.xctoolchain/usr/bin/c++     -o CMakeFiles/cmTC_335b9.dir/testCXXCompiler.cxx.o -c /Users/macbook/.emacs.d/rtags-2.14/CMakeFiles/CMakeTmp/testCXXCompiler.cxx
Linking CXX executable cmTC_335b9
/usr/local/Cellar/cmake/3.11.3/bin/cmake -E cmake_link_script CMakeFiles/cmTC_335b9.dir/link.txt --verbose=1
/Applications/Xcode.app/Contents/Developer/Toolchains/XcodeDefault.xctoolchain/usr/bin/c++    -Wl,-search_paths_first -Wl,-headerpad_max_install_names   CMakeFiles/cmTC_335b9.dir/testCXXCompiler.cxx.o  -o cmTC_335b9 


Detecting CXX compiler ABI info compiled with the following output:
Change Dir: /Users/macbook/.emacs.d/rtags-2.14/CMakeFiles/CMakeTmp

Run Build Command:"/usr/bin/make" "cmTC_61398/fast"
/Applications/Xcode.app/Contents/Developer/usr/bin/make -f CMakeFiles/cmTC_61398.dir/build.make CMakeFiles/cmTC_61398.dir/build
Building CXX object CMakeFiles/cmTC_61398.dir/CMakeCXXCompilerABI.cpp.o
/Applications/Xcode.app/Contents/Developer/Toolchains/XcodeDefault.xctoolchain/usr/bin/c++     -o CMakeFiles/cmTC_61398.dir/CMakeCXXCompilerABI.cpp.o -c /usr/local/Cellar/cmake/3.11.3/share/cmake/Modules/CMakeCXXCompilerABI.cpp
Linking CXX executable cmTC_61398
/usr/local/Cellar/cmake/3.11.3/bin/cmake -E cmake_link_script CMakeFiles/cmTC_61398.dir/link.txt --verbose=1
/Applications/Xcode.app/Contents/Developer/Toolchains/XcodeDefault.xctoolchain/usr/bin/c++    -Wl,-search_paths_first -Wl,-headerpad_max_install_names  -v -Wl,-v CMakeFiles/cmTC_61398.dir/CMakeCXXCompilerABI.cpp.o  -o cmTC_61398 
Apple LLVM version 9.1.0 (clang-902.0.39.2)
Target: x86_64-apple-darwin17.7.0
Thread model: posix
InstalledDir: /Applications/Xcode.app/Contents/Developer/Toolchains/XcodeDefault.xctoolchain/usr/bin
 "/Applications/Xcode.app/Contents/Developer/Toolchains/XcodeDefault.xctoolchain/usr/bin/ld" -demangle -lto_library /Applications/Xcode.app/Contents/Developer/Toolchains/XcodeDefault.xctoolchain/usr/lib/libLTO.dylib -dynamic -arch x86_64 -macosx_version_min 10.13.0 -o cmTC_61398 -search_paths_first -headerpad_max_install_names -v CMakeFiles/cmTC_61398.dir/CMakeCXXCompilerABI.cpp.o -lc++ -lSystem /Applications/Xcode.app/Contents/Developer/Toolchains/XcodeDefault.xctoolchain/usr/lib/clang/9.1.0/lib/darwin/libclang_rt.osx.a
@(#)PROGRAM:ld  PROJECT:ld64-351.8
configured to support archs: armv6 armv7 armv7s arm64 i386 x86_64 x86_64h armv6m armv7k armv7m armv7em (tvOS)
Library search paths:
	/usr/lib
	/usr/local/lib
Framework search paths:
	/Library/Frameworks/
	/System/Library/Frameworks/


Parsed CXX implicit link information from above output:
  link line regex: [^( *|.*[/\])(ld|CMAKE_LINK_STARTFILE-NOTFOUND|([^/\]+-)?ld|collect2)[^/\]*( |$)]
  ignore line: [Change Dir: /Users/macbook/.emacs.d/rtags-2.14/CMakeFiles/CMakeTmp]
  ignore line: []
  ignore line: [Run Build Command:"/usr/bin/make" "cmTC_61398/fast"]
  ignore line: [/Applications/Xcode.app/Contents/Developer/usr/bin/make -f CMakeFiles/cmTC_61398.dir/build.make CMakeFiles/cmTC_61398.dir/build]
  ignore line: [Building CXX object CMakeFiles/cmTC_61398.dir/CMakeCXXCompilerABI.cpp.o]
  ignore line: [/Applications/Xcode.app/Contents/Developer/Toolchains/XcodeDefault.xctoolchain/usr/bin/c++     -o CMakeFiles/cmTC_61398.dir/CMakeCXXCompilerABI.cpp.o -c /usr/local/Cellar/cmake/3.11.3/share/cmake/Modules/CMakeCXXCompilerABI.cpp]
  ignore line: [Linking CXX executable cmTC_61398]
  ignore line: [/usr/local/Cellar/cmake/3.11.3/bin/cmake -E cmake_link_script CMakeFiles/cmTC_61398.dir/link.txt --verbose=1]
  ignore line: [/Applications/Xcode.app/Contents/Developer/Toolchains/XcodeDefault.xctoolchain/usr/bin/c++    -Wl,-search_paths_first -Wl,-headerpad_max_install_names  -v -Wl,-v CMakeFiles/cmTC_61398.dir/CMakeCXXCompilerABI.cpp.o  -o cmTC_61398 ]
  ignore line: [Apple LLVM version 9.1.0 (clang-902.0.39.2)]
  ignore line: [Target: x86_64-apple-darwin17.7.0]
  ignore line: [Thread model: posix]
  ignore line: [InstalledDir: /Applications/Xcode.app/Contents/Developer/Toolchains/XcodeDefault.xctoolchain/usr/bin]
  link line: [ "/Applications/Xcode.app/Contents/Developer/Toolchains/XcodeDefault.xctoolchain/usr/bin/ld" -demangle -lto_library /Applications/Xcode.app/Contents/Developer/Toolchains/XcodeDefault.xctoolchain/usr/lib/libLTO.dylib -dynamic -arch x86_64 -macosx_version_min 10.13.0 -o cmTC_61398 -search_paths_first -headerpad_max_install_names -v CMakeFiles/cmTC_61398.dir/CMakeCXXCompilerABI.cpp.o -lc++ -lSystem /Applications/Xcode.app/Contents/Developer/Toolchains/XcodeDefault.xctoolchain/usr/lib/clang/9.1.0/lib/darwin/libclang_rt.osx.a]
    arg [/Applications/Xcode.app/Contents/Developer/Toolchains/XcodeDefault.xctoolchain/usr/bin/ld] ==> ignore
    arg [-demangle] ==> ignore
    arg [-lto_library] ==> ignore, skip following value
    arg [/Applications/Xcode.app/Contents/Developer/Toolchains/XcodeDefault.xctoolchain/usr/lib/libLTO.dylib] ==> skip value of -lto_library
    arg [-dynamic] ==> ignore
    arg [-arch] ==> ignore
    arg [x86_64] ==> ignore
    arg [-macosx_version_min] ==> ignore
    arg [10.13.0] ==> ignore
    arg [-o] ==> ignore
    arg [cmTC_61398] ==> ignore
    arg [-search_paths_first] ==> ignore
    arg [-headerpad_max_install_names] ==> ignore
    arg [-v] ==> ignore
    arg [CMakeFiles/cmTC_61398.dir/CMakeCXXCompilerABI.cpp.o] ==> ignore
    arg [-lc++] ==> lib [c++]
    arg [-lSystem] ==> lib [System]
    arg [/Applications/Xcode.app/Contents/Developer/Toolchains/XcodeDefault.xctoolchain/usr/lib/clang/9.1.0/lib/darwin/libclang_rt.osx.a] ==> lib [/Applications/Xcode.app/Contents/Developer/Toolchains/XcodeDefault.xctoolchain/usr/lib/clang/9.1.0/lib/darwin/libclang_rt.osx.a]
  Library search paths: [;/usr/lib;/usr/local/lib]
  Framework search paths: [;/Library/Frameworks/;/System/Library/Frameworks/]
  remove lib [System]
  remove lib [/Applications/Xcode.app/Contents/Developer/Toolchains/XcodeDefault.xctoolchain/usr/lib/clang/9.1.0/lib/darwin/libclang_rt.osx.a]
  collapse library dir [/usr/lib] ==> [/usr/lib]
  collapse library dir [/usr/local/lib] ==> [/usr/local/lib]
  collapse framework dir [/Library/Frameworks/] ==> [/Library/Frameworks]
  collapse framework dir [/System/Library/Frameworks/] ==> [/System/Library/Frameworks]
  implicit libs: [c++]
  implicit dirs: [/usr/lib;/usr/local/lib]
  implicit fwks: [/Library/Frameworks;/System/Library/Frameworks]




Detecting CXX [-std=c++1z] compiler features compiled with the following output:
Change Dir: /Users/macbook/.emacs.d/rtags-2.14/CMakeFiles/CMakeTmp

Run Build Command:"/usr/bin/make" "cmTC_03664/fast"
/Applications/Xcode.app/Contents/Developer/usr/bin/make -f CMakeFiles/cmTC_03664.dir/build.make CMakeFiles/cmTC_03664.dir/build
Building CXX object CMakeFiles/cmTC_03664.dir/feature_tests.cxx.o
/Applications/Xcode.app/Contents/Developer/Toolchains/XcodeDefault.xctoolchain/usr/bin/c++    -std=c++1z -o CMakeFiles/cmTC_03664.dir/feature_tests.cxx.o -c /Users/macbook/.emacs.d/rtags-2.14/CMakeFiles/feature_tests.cxx
Linking CXX executable cmTC_03664
/usr/local/Cellar/cmake/3.11.3/bin/cmake -E cmake_link_script CMakeFiles/cmTC_03664.dir/link.txt --verbose=1
/Applications/Xcode.app/Contents/Developer/Toolchains/XcodeDefault.xctoolchain/usr/bin/c++    -Wl,-search_paths_first -Wl,-headerpad_max_install_names   CMakeFiles/cmTC_03664.dir/feature_tests.cxx.o  -o cmTC_03664 


    Feature record: CXX_FEATURE:1cxx_aggregate_default_initializers
    Feature record: CXX_FEATURE:1cxx_alias_templates
    Feature record: CXX_FEATURE:1cxx_alignas
    Feature record: CXX_FEATURE:1cxx_alignof
    Feature record: CXX_FEATURE:1cxx_attributes
    Feature record: CXX_FEATURE:1cxx_attribute_deprecated
    Feature record: CXX_FEATURE:1cxx_auto_type
    Feature record: CXX_FEATURE:1cxx_binary_literals
    Feature record: CXX_FEATURE:1cxx_constexpr
    Feature record: CXX_FEATURE:1cxx_contextual_conversions
    Feature record: CXX_FEATURE:1cxx_decltype
    Feature record: CXX_FEATURE:1cxx_decltype_auto
    Feature record: CXX_FEATURE:1cxx_decltype_incomplete_return_types
    Feature record: CXX_FEATURE:1cxx_default_function_template_args
    Feature record: CXX_FEATURE:1cxx_defaulted_functions
    Feature record: CXX_FEATURE:1cxx_defaulted_move_initializers
    Feature record: CXX_FEATURE:1cxx_delegating_constructors
    Feature record: CXX_FEATURE:1cxx_deleted_functions
    Feature record: CXX_FEATURE:1cxx_digit_separators
    Feature record: CXX_FEATURE:1cxx_enum_forward_declarations
    Feature record: CXX_FEATURE:1cxx_explicit_conversions
    Feature record: CXX_FEATURE:1cxx_extended_friend_declarations
    Feature record: CXX_FEATURE:1cxx_extern_templates
    Feature record: CXX_FEATURE:1cxx_final
    Feature record: CXX_FEATURE:1cxx_func_identifier
    Feature record: CXX_FEATURE:1cxx_generalized_initializers
    Feature record: CXX_FEATURE:1cxx_generic_lambdas
    Feature record: CXX_FEATURE:1cxx_inheriting_constructors
    Feature record: CXX_FEATURE:1cxx_inline_namespaces
    Feature record: CXX_FEATURE:1cxx_lambdas
    Feature record: CXX_FEATURE:1cxx_lambda_init_captures
    Feature record: CXX_FEATURE:1cxx_local_type_template_args
    Feature record: CXX_FEATURE:1cxx_long_long_type
    Feature record: CXX_FEATURE:1cxx_noexcept
    Feature record: CXX_FEATURE:1cxx_nonstatic_member_init
    Feature record: CXX_FEATURE:1cxx_nullptr
    Feature record: CXX_FEATURE:1cxx_override
    Feature record: CXX_FEATURE:1cxx_range_for
    Feature record: CXX_FEATURE:1cxx_raw_string_literals
    Feature record: CXX_FEATURE:1cxx_reference_qualified_functions
    Feature record: CXX_FEATURE:1cxx_relaxed_constexpr
    Feature record: CXX_FEATURE:1cxx_return_type_deduction
    Feature record: CXX_FEATURE:1cxx_right_angle_brackets
    Feature record: CXX_FEATURE:1cxx_rvalue_references
    Feature record: CXX_FEATURE:1cxx_sizeof_member
    Feature record: CXX_FEATURE:1cxx_static_assert
    Feature record: CXX_FEATURE:1cxx_strong_enums
    Feature record: CXX_FEATURE:1cxx_template_template_parameters
    Feature record: CXX_FEATURE:1cxx_thread_local
    Feature record: CXX_FEATURE:1cxx_trailing_return_types
    Feature record: CXX_FEATURE:1cxx_unicode_literals
    Feature record: CXX_FEATURE:1cxx_uniform_initialization
    Feature record: CXX_FEATURE:1cxx_unrestricted_unions
    Feature record: CXX_FEATURE:1cxx_user_literals
    Feature record: CXX_FEATURE:1cxx_variable_templates
    Feature record: CXX_FEATURE:1cxx_variadic_macros
    Feature record: CXX_FEATURE:1cxx_variadic_templates


Detecting CXX [-std=c++14] compiler features compiled with the following output:
Change Dir: /Users/macbook/.emacs.d/rtags-2.14/CMakeFiles/CMakeTmp

Run Build Command:"/usr/bin/make" "cmTC_6bdb5/fast"
/Applications/Xcode.app/Contents/Developer/usr/bin/make -f CMakeFiles/cmTC_6bdb5.dir/build.make CMakeFiles/cmTC_6bdb5.dir/build
Building CXX object CMakeFiles/cmTC_6bdb5.dir/feature_tests.cxx.o
/Applications/Xcode.app/Contents/Developer/Toolchains/XcodeDefault.xctoolchain/usr/bin/c++    -std=c++14 -o CMakeFiles/cmTC_6bdb5.dir/feature_tests.cxx.o -c /Users/macbook/.emacs.d/rtags-2.14/CMakeFiles/feature_tests.cxx
Linking CXX executable cmTC_6bdb5
/usr/local/Cellar/cmake/3.11.3/bin/cmake -E cmake_link_script CMakeFiles/cmTC_6bdb5.dir/link.txt --verbose=1
/Applications/Xcode.app/Contents/Developer/Toolchains/XcodeDefault.xctoolchain/usr/bin/c++    -Wl,-search_paths_first -Wl,-headerpad_max_install_names   CMakeFiles/cmTC_6bdb5.dir/feature_tests.cxx.o  -o cmTC_6bdb5 


    Feature record: CXX_FEATURE:1cxx_aggregate_default_initializers
    Feature record: CXX_FEATURE:1cxx_alias_templates
    Feature record: CXX_FEATURE:1cxx_alignas
    Feature record: CXX_FEATURE:1cxx_alignof
    Feature record: CXX_FEATURE:1cxx_attributes
    Feature record: CXX_FEATURE:1cxx_attribute_deprecated
    Feature record: CXX_FEATURE:1cxx_auto_type
    Feature record: CXX_FEATURE:1cxx_binary_literals
    Feature record: CXX_FEATURE:1cxx_constexpr
    Feature record: CXX_FEATURE:1cxx_contextual_conversions
    Feature record: CXX_FEATURE:1cxx_decltype
    Feature record: CXX_FEATURE:1cxx_decltype_auto
    Feature record: CXX_FEATURE:1cxx_decltype_incomplete_return_types
    Feature record: CXX_FEATURE:1cxx_default_function_template_args
    Feature record: CXX_FEATURE:1cxx_defaulted_functions
    Feature record: CXX_FEATURE:1cxx_defaulted_move_initializers
    Feature record: CXX_FEATURE:1cxx_delegating_constructors
    Feature record: CXX_FEATURE:1cxx_deleted_functions
    Feature record: CXX_FEATURE:1cxx_digit_separators
    Feature record: CXX_FEATURE:1cxx_enum_forward_declarations
    Feature record: CXX_FEATURE:1cxx_explicit_conversions
    Feature record: CXX_FEATURE:1cxx_extended_friend_declarations
    Feature record: CXX_FEATURE:1cxx_extern_templates
    Feature record: CXX_FEATURE:1cxx_final
    Feature record: CXX_FEATURE:1cxx_func_identifier
    Feature record: CXX_FEATURE:1cxx_generalized_initializers
    Feature record: CXX_FEATURE:1cxx_generic_lambdas
    Feature record: CXX_FEATURE:1cxx_inheriting_constructors
    Feature record: CXX_FEATURE:1cxx_inline_namespaces
    Feature record: CXX_FEATURE:1cxx_lambdas
    Feature record: CXX_FEATURE:1cxx_lambda_init_captures
    Feature record: CXX_FEATURE:1cxx_local_type_template_args
    Feature record: CXX_FEATURE:1cxx_long_long_type
    Feature record: CXX_FEATURE:1cxx_noexcept
    Feature record: CXX_FEATURE:1cxx_nonstatic_member_init
    Feature record: CXX_FEATURE:1cxx_nullptr
    Feature record: CXX_FEATURE:1cxx_override
    Feature record: CXX_FEATURE:1cxx_range_for
    Feature record: CXX_FEATURE:1cxx_raw_string_literals
    Feature record: CXX_FEATURE:1cxx_reference_qualified_functions
    Feature record: CXX_FEATURE:1cxx_relaxed_constexpr
    Feature record: CXX_FEATURE:1cxx_return_type_deduction
    Feature record: CXX_FEATURE:1cxx_right_angle_brackets
    Feature record: CXX_FEATURE:1cxx_rvalue_references
    Feature record: CXX_FEATURE:1cxx_sizeof_member
    Feature record: CXX_FEATURE:1cxx_static_assert
    Feature record: CXX_FEATURE:1cxx_strong_enums
    Feature record: CXX_FEATURE:1cxx_template_template_parameters
    Feature record: CXX_FEATURE:1cxx_thread_local
    Feature record: CXX_FEATURE:1cxx_trailing_return_types
    Feature record: CXX_FEATURE:1cxx_unicode_literals
    Feature record: CXX_FEATURE:1cxx_uniform_initialization
    Feature record: CXX_FEATURE:1cxx_unrestricted_unions
    Feature record: CXX_FEATURE:1cxx_user_literals
    Feature record: CXX_FEATURE:1cxx_variable_templates
    Feature record: CXX_FEATURE:1cxx_variadic_macros
    Feature record: CXX_FEATURE:1cxx_variadic_templates


Detecting CXX [-std=c++11] compiler features compiled with the following output:
Change Dir: /Users/macbook/.emacs.d/rtags-2.14/CMakeFiles/CMakeTmp

Run Build Command:"/usr/bin/make" "cmTC_6d59c/fast"
/Applications/Xcode.app/Contents/Developer/usr/bin/make -f CMakeFiles/cmTC_6d59c.dir/build.make CMakeFiles/cmTC_6d59c.dir/build
Building CXX object CMakeFiles/cmTC_6d59c.dir/feature_tests.cxx.o
/Applications/Xcode.app/Contents/Developer/Toolchains/XcodeDefault.xctoolchain/usr/bin/c++    -std=c++11 -o CMakeFiles/cmTC_6d59c.dir/feature_tests.cxx.o -c /Users/macbook/.emacs.d/rtags-2.14/CMakeFiles/feature_tests.cxx
Linking CXX executable cmTC_6d59c
/usr/local/Cellar/cmake/3.11.3/bin/cmake -E cmake_link_script CMakeFiles/cmTC_6d59c.dir/link.txt --verbose=1
/Applications/Xcode.app/Contents/Developer/Toolchains/XcodeDefault.xctoolchain/usr/bin/c++    -Wl,-search_paths_first -Wl,-headerpad_max_install_names   CMakeFiles/cmTC_6d59c.dir/feature_tests.cxx.o  -o cmTC_6d59c 


    Feature record: CXX_FEATURE:0cxx_aggregate_default_initializers
    Feature record: CXX_FEATURE:1cxx_alias_templates
    Feature record: CXX_FEATURE:1cxx_alignas
    Feature record: CXX_FEATURE:1cxx_alignof
    Feature record: CXX_FEATURE:1cxx_attributes
    Feature record: CXX_FEATURE:0cxx_attribute_deprecated
    Feature record: CXX_FEATURE:1cxx_auto_type
    Feature record: CXX_FEATURE:0cxx_binary_literals
    Feature record: CXX_FEATURE:1cxx_constexpr
    Feature record: CXX_FEATURE:0cxx_contextual_conversions
    Feature record: CXX_FEATURE:1cxx_decltype
    Feature record: CXX_FEATURE:0cxx_decltype_auto
    Feature record: CXX_FEATURE:1cxx_decltype_incomplete_return_types
    Feature record: CXX_FEATURE:1cxx_default_function_template_args
    Feature record: CXX_FEATURE:1cxx_defaulted_functions
    Feature record: CXX_FEATURE:1cxx_defaulted_move_initializers
    Feature record: CXX_FEATURE:1cxx_delegating_constructors
    Feature record: CXX_FEATURE:1cxx_deleted_functions
    Feature record: CXX_FEATURE:0cxx_digit_separators
    Feature record: CXX_FEATURE:1cxx_enum_forward_declarations
    Feature record: CXX_FEATURE:1cxx_explicit_conversions
    Feature record: CXX_FEATURE:1cxx_extended_friend_declarations
    Feature record: CXX_FEATURE:1cxx_extern_templates
    Feature record: CXX_FEATURE:1cxx_final
    Feature record: CXX_FEATURE:1cxx_func_identifier
    Feature record: CXX_FEATURE:1cxx_generalized_initializers
    Feature record: CXX_FEATURE:0cxx_generic_lambdas
    Feature record: CXX_FEATURE:1cxx_inheriting_constructors
    Feature record: CXX_FEATURE:1cxx_inline_namespaces
    Feature record: CXX_FEATURE:1cxx_lambdas
    Feature record: CXX_FEATURE:0cxx_lambda_init_captures
    Feature record: CXX_FEATURE:1cxx_local_type_template_args
    Feature record: CXX_FEATURE:1cxx_long_long_type
    Feature record: CXX_FEATURE:1cxx_noexcept
    Feature record: CXX_FEATURE:1cxx_nonstatic_member_init
    Feature record: CXX_FEATURE:1cxx_nullptr
    Feature record: CXX_FEATURE:1cxx_override
    Feature record: CXX_FEATURE:1cxx_range_for
    Feature record: CXX_FEATURE:1cxx_raw_string_literals
    Feature record: CXX_FEATURE:1cxx_reference_qualified_functions
    Feature record: CXX_FEATURE:0cxx_relaxed_constexpr
    Feature record: CXX_FEATURE:0cxx_return_type_deduction
    Feature record: CXX_FEATURE:1cxx_right_angle_brackets
    Feature record: CXX_FEATURE:1cxx_rvalue_references
    Feature record: CXX_FEATURE:1cxx_sizeof_member
    Feature record: CXX_FEATURE:1cxx_static_assert
    Feature record: CXX_FEATURE:1cxx_strong_enums
    Feature record: CXX_FEATURE:1cxx_template_template_parameters
    Feature record: CXX_FEATURE:1cxx_thread_local
    Feature record: CXX_FEATURE:1cxx_trailing_return_types
    Feature record: CXX_FEATURE:1cxx_unicode_literals
    Feature record: CXX_FEATURE:1cxx_uniform_initialization
    Feature record: CXX_FEATURE:1cxx_unrestricted_unions
    Feature record: CXX_FEATURE:1cxx_user_literals
    Feature record: CXX_FEATURE:0cxx_variable_templates
    Feature record: CXX_FEATURE:1cxx_variadic_macros
    Feature record: CXX_FEATURE:1cxx_variadic_templates


Detecting CXX [-std=c++98] compiler features compiled with the following output:
Change Dir: /Users/macbook/.emacs.d/rtags-2.14/CMakeFiles/CMakeTmp

Run Build Command:"/usr/bin/make" "cmTC_3c5cf/fast"
/Applications/Xcode.app/Contents/Developer/usr/bin/make -f CMakeFiles/cmTC_3c5cf.dir/build.make CMakeFiles/cmTC_3c5cf.dir/build
Building CXX object CMakeFiles/cmTC_3c5cf.dir/feature_tests.cxx.o
/Applications/Xcode.app/Contents/Developer/Toolchains/XcodeDefault.xctoolchain/usr/bin/c++    -std=c++98 -o CMakeFiles/cmTC_3c5cf.dir/feature_tests.cxx.o -c /Users/macbook/.emacs.d/rtags-2.14/CMakeFiles/feature_tests.cxx
Linking CXX executable cmTC_3c5cf
/usr/local/Cellar/cmake/3.11.3/bin/cmake -E cmake_link_script CMakeFiles/cmTC_3c5cf.dir/link.txt --verbose=1
/Applications/Xcode.app/Contents/Developer/Toolchains/XcodeDefault.xctoolchain/usr/bin/c++    -Wl,-search_paths_first -Wl,-headerpad_max_install_names   CMakeFiles/cmTC_3c5cf.dir/feature_tests.cxx.o  -o cmTC_3c5cf 


    Feature record: CXX_FEATURE:0cxx_aggregate_default_initializers
    Feature record: CXX_FEATURE:0cxx_alias_templates
    Feature record: CXX_FEATURE:0cxx_alignas
    Feature record: CXX_FEATURE:0cxx_alignof
    Feature record: CXX_FEATURE:0cxx_attributes
    Feature record: CXX_FEATURE:0cxx_attribute_deprecated
    Feature record: CXX_FEATURE:0cxx_auto_type
    Feature record: CXX_FEATURE:0cxx_binary_literals
    Feature record: CXX_FEATURE:0cxx_constexpr
    Feature record: CXX_FEATURE:0cxx_contextual_conversions
    Feature record: CXX_FEATURE:0cxx_decltype
    Feature record: CXX_FEATURE:0cxx_decltype_auto
    Feature record: CXX_FEATURE:0cxx_decltype_incomplete_return_types
    Feature record: CXX_FEATURE:0cxx_default_function_template_args
    Feature record: CXX_FEATURE:0cxx_defaulted_functions
    Feature record: CXX_FEATURE:0cxx_defaulted_move_initializers
    Feature record: CXX_FEATURE:0cxx_delegating_constructors
    Feature record: CXX_FEATURE:0cxx_deleted_functions
    Feature record: CXX_FEATURE:0cxx_digit_separators
    Feature record: CXX_FEATURE:0cxx_enum_forward_declarations
    Feature record: CXX_FEATURE:0cxx_explicit_conversions
    Feature record: CXX_FEATURE:0cxx_extended_friend_declarations
    Feature record: CXX_FEATURE:0cxx_extern_templates
    Feature record: CXX_FEATURE:0cxx_final
    Feature record: CXX_FEATURE:0cxx_func_identifier
    Feature record: CXX_FEATURE:0cxx_generalized_initializers
    Feature record: CXX_FEATURE:0cxx_generic_lambdas
    Feature record: CXX_FEATURE:0cxx_inheriting_constructors
    Feature record: CXX_FEATURE:0cxx_inline_namespaces
    Feature record: CXX_FEATURE:0cxx_lambdas
    Feature record: CXX_FEATURE:0cxx_lambda_init_captures
    Feature record: CXX_FEATURE:0cxx_local_type_template_args
    Feature record: CXX_FEATURE:0cxx_long_long_type
    Feature record: CXX_FEATURE:0cxx_noexcept
    Feature record: CXX_FEATURE:0cxx_nonstatic_member_init
    Feature record: CXX_FEATURE:0cxx_nullptr
    Feature record: CXX_FEATURE:0cxx_override
    Feature record: CXX_FEATURE:0cxx_range_for
    Feature record: CXX_FEATURE:0cxx_raw_string_literals
    Feature record: CXX_FEATURE:0cxx_reference_qualified_functions
    Feature record: CXX_FEATURE:0cxx_relaxed_constexpr
    Feature record: CXX_FEATURE:0cxx_return_type_deduction
    Feature record: CXX_FEATURE:0cxx_right_angle_brackets
    Feature record: CXX_FEATURE:0cxx_rvalue_references
    Feature record: CXX_FEATURE:0cxx_sizeof_member
    Feature record: CXX_FEATURE:0cxx_static_assert
    Feature record: CXX_FEATURE:0cxx_strong_enums
    Feature record: CXX_FEATURE:1cxx_template_template_parameters
    Feature record: CXX_FEATURE:0cxx_thread_local
    Feature record: CXX_FEATURE:0cxx_trailing_return_types
    Feature record: CXX_FEATURE:0cxx_unicode_literals
    Feature record: CXX_FEATURE:0cxx_uniform_initialization
    Feature record: CXX_FEATURE:0cxx_unrestricted_unions
    Feature record: CXX_FEATURE:0cxx_user_literals
    Feature record: CXX_FEATURE:0cxx_variable_templates
    Feature record: CXX_FEATURE:0cxx_variadic_macros
    Feature record: CXX_FEATURE:0cxx_variadic_templates
Performing C++ SOURCE FILE Test LIBCLANG_COMPILES succeeded with the following output:
Change Dir: /Users/macbook/.emacs.d/rtags-2.14/CMakeFiles/CMakeTmp

Run Build Command:"/usr/bin/make" "cmTC_66288/fast"
/Applications/Xcode.app/Contents/Developer/usr/bin/make -f CMakeFiles/cmTC_66288.dir/build.make CMakeFiles/cmTC_66288.dir/build
Building CXX object CMakeFiles/cmTC_66288.dir/src.cxx.o
/Applications/Xcode.app/Contents/Developer/Toolchains/XcodeDefault.xctoolchain/usr/bin/c++    -I/usr/local/Cellar/llvm/6.0.0/include -D__STDC_CONSTANT_MACROS -D__STDC_FORMAT_MACROS -D__STDC_LIMIT_MACROS -DLIBCLANG_COMPILES  -I/usr/local/Cellar/llvm/6.0.0/include -D__STDC_CONSTANT_MACROS -D__STDC_FORMAT_MACROS -D__STDC_LIMIT_MACROS   -o CMakeFiles/cmTC_66288.dir/src.cxx.o -c /Users/macbook/.emacs.d/rtags-2.14/CMakeFiles/CMakeTmp/src.cxx
Linking CXX executable cmTC_66288
/usr/local/Cellar/cmake/3.11.3/bin/cmake -E cmake_link_script CMakeFiles/cmTC_66288.dir/link.txt --verbose=1
/Applications/Xcode.app/Contents/Developer/Toolchains/XcodeDefault.xctoolchain/usr/bin/c++   -I/usr/local/Cellar/llvm/6.0.0/include -D__STDC_CONSTANT_MACROS -D__STDC_FORMAT_MACROS -D__STDC_LIMIT_MACROS -DLIBCLANG_COMPILES  -I/usr/local/Cellar/llvm/6.0.0/include -D__STDC_CONSTANT_MACROS -D__STDC_FORMAT_MACROS -D__STDC_LIMIT_MACROS -Wl,-search_paths_first -Wl,-headerpad_max_install_names   CMakeFiles/cmTC_66288.dir/src.cxx.o  -o cmTC_66288 /usr/local/Cellar/llvm/6.0.0/lib/libclang.dylib 

Source file was:

#include <clang-c/Index.h>

int main()
{
    CXIndex index = clang_createIndex(0, true);
    CXTranslationUnit unit = clang_parseTranslationUnit(index, 0, 0, 0, 0, 0, 0);
    clang_disposeTranslationUnit(unit);
    clang_disposeIndex(index);
    return 0;
}

Determining if the backtrace exist passed with the following output:
Change Dir: /Users/macbook/.emacs.d/rtags-2.14/CMakeFiles/CMakeTmp

Run Build Command:"/usr/bin/make" "cmTC_747af/fast"
/Applications/Xcode.app/Contents/Developer/usr/bin/make -f CMakeFiles/cmTC_747af.dir/build.make CMakeFiles/cmTC_747af.dir/build
Building CXX object CMakeFiles/cmTC_747af.dir/CheckSymbolExists.cxx.o
/Applications/Xcode.app/Contents/Developer/Toolchains/XcodeDefault.xctoolchain/usr/bin/c++    -I/usr/local/Cellar/llvm/6.0.0/include -D__STDC_CONSTANT_MACROS -D__STDC_FORMAT_MACROS -D__STDC_LIMIT_MACROS -Wall -Wextra -Wpointer-arith -Wnon-virtual-dtor -Wshadow -Wformat -std=c++11 -stdlib=libc++    -o CMakeFiles/cmTC_747af.dir/CheckSymbolExists.cxx.o -c /Users/macbook/.emacs.d/rtags-2.14/CMakeFiles/CMakeTmp/CheckSymbolExists.cxx
Linking CXX executable cmTC_747af
/usr/local/Cellar/cmake/3.11.3/bin/cmake -E cmake_link_script CMakeFiles/cmTC_747af.dir/link.txt --verbose=1
/Applications/Xcode.app/Contents/Developer/Toolchains/XcodeDefault.xctoolchain/usr/bin/c++   -I/usr/local/Cellar/llvm/6.0.0/include -D__STDC_CONSTANT_MACROS -D__STDC_FORMAT_MACROS -D__STDC_LIMIT_MACROS -Wall -Wextra -Wpointer-arith -Wnon-virtual-dtor -Wshadow -Wformat -std=c++11 -stdlib=libc++  -Wl,-search_paths_first -Wl,-headerpad_max_install_names   CMakeFiles/cmTC_747af.dir/CheckSymbolExists.cxx.o  -o cmTC_747af 

File /Users/macbook/.emacs.d/rtags-2.14/CMakeFiles/CMakeTmp/CheckSymbolExists.cxx:
/* */
#include <execinfo.h>

int main(int argc, char** argv)
{
  (void)argv;
#ifndef backtrace
  return ((int*)(&backtrace))[argc];
#else
  (void)argc;
  return 0;
#endif
}

Determining if the CLOCK_MONOTONIC_RAW exist passed with the following output:
Change Dir: /Users/macbook/.emacs.d/rtags-2.14/CMakeFiles/CMakeTmp

Run Build Command:"/usr/bin/make" "cmTC_41d01/fast"
/Applications/Xcode.app/Contents/Developer/usr/bin/make -f CMakeFiles/cmTC_41d01.dir/build.make CMakeFiles/cmTC_41d01.dir/build
Building CXX object CMakeFiles/cmTC_41d01.dir/CheckSymbolExists.cxx.o
/Applications/Xcode.app/Contents/Developer/Toolchains/XcodeDefault.xctoolchain/usr/bin/c++    -I/usr/local/Cellar/llvm/6.0.0/include -D__STDC_CONSTANT_MACROS -D__STDC_FORMAT_MACROS -D__STDC_LIMIT_MACROS -Wall -Wextra -Wpointer-arith -Wnon-virtual-dtor -Wshadow -Wformat -std=c++11 -stdlib=libc++    -o CMakeFiles/cmTC_41d01.dir/CheckSymbolExists.cxx.o -c /Users/macbook/.emacs.d/rtags-2.14/CMakeFiles/CMakeTmp/CheckSymbolExists.cxx
Linking CXX executable cmTC_41d01
/usr/local/Cellar/cmake/3.11.3/bin/cmake -E cmake_link_script CMakeFiles/cmTC_41d01.dir/link.txt --verbose=1
/Applications/Xcode.app/Contents/Developer/Toolchains/XcodeDefault.xctoolchain/usr/bin/c++   -I/usr/local/Cellar/llvm/6.0.0/include -D__STDC_CONSTANT_MACROS -D__STDC_FORMAT_MACROS -D__STDC_LIMIT_MACROS -Wall -Wextra -Wpointer-arith -Wnon-virtual-dtor -Wshadow -Wformat -std=c++11 -stdlib=libc++  -Wl,-search_paths_first -Wl,-headerpad_max_install_names   CMakeFiles/cmTC_41d01.dir/CheckSymbolExists.cxx.o  -o cmTC_41d01 

File /Users/macbook/.emacs.d/rtags-2.14/CMakeFiles/CMakeTmp/CheckSymbolExists.cxx:
/* */
#include <time.h>

int main(int argc, char** argv)
{
  (void)argv;
#ifndef CLOCK_MONOTONIC_RAW
  return ((int*)(&CLOCK_MONOTONIC_RAW))[argc];
#else
  (void)argc;
  return 0;
#endif
}

Determining if the CLOCK_MONOTONIC exist passed with the following output:
Change Dir: /Users/macbook/.emacs.d/rtags-2.14/CMakeFiles/CMakeTmp

Run Build Command:"/usr/bin/make" "cmTC_89cc7/fast"
/Applications/Xcode.app/Contents/Developer/usr/bin/make -f CMakeFiles/cmTC_89cc7.dir/build.make CMakeFiles/cmTC_89cc7.dir/build
Building CXX object CMakeFiles/cmTC_89cc7.dir/CheckSymbolExists.cxx.o
/Applications/Xcode.app/Contents/Developer/Toolchains/XcodeDefault.xctoolchain/usr/bin/c++    -I/usr/local/Cellar/llvm/6.0.0/include -D__STDC_CONSTANT_MACROS -D__STDC_FORMAT_MACROS -D__STDC_LIMIT_MACROS -Wall -Wextra -Wpointer-arith -Wnon-virtual-dtor -Wshadow -Wformat -std=c++11 -stdlib=libc++    -o CMakeFiles/cmTC_89cc7.dir/CheckSymbolExists.cxx.o -c /Users/macbook/.emacs.d/rtags-2.14/CMakeFiles/CMakeTmp/CheckSymbolExists.cxx
Linking CXX executable cmTC_89cc7
/usr/local/Cellar/cmake/3.11.3/bin/cmake -E cmake_link_script CMakeFiles/cmTC_89cc7.dir/link.txt --verbose=1
/Applications/Xcode.app/Contents/Developer/Toolchains/XcodeDefault.xctoolchain/usr/bin/c++   -I/usr/local/Cellar/llvm/6.0.0/include -D__STDC_CONSTANT_MACROS -D__STDC_FORMAT_MACROS -D__STDC_LIMIT_MACROS -Wall -Wextra -Wpointer-arith -Wnon-virtual-dtor -Wshadow -Wformat -std=c++11 -stdlib=libc++  -Wl,-search_paths_first -Wl,-headerpad_max_install_names   CMakeFiles/cmTC_89cc7.dir/CheckSymbolExists.cxx.o  -o cmTC_89cc7 

File /Users/macbook/.emacs.d/rtags-2.14/CMakeFiles/CMakeTmp/CheckSymbolExists.cxx:
/* */
#include <time.h>

int main(int argc, char** argv)
{
  (void)argv;
#ifndef CLOCK_MONOTONIC
  return ((int*)(&CLOCK_MONOTONIC))[argc];
#else
  (void)argc;
  return 0;
#endif
}

Determining if the mach_absolute_time exist passed with the following output:
Change Dir: /Users/macbook/.emacs.d/rtags-2.14/CMakeFiles/CMakeTmp

Run Build Command:"/usr/bin/make" "cmTC_161e3/fast"
/Applications/Xcode.app/Contents/Developer/usr/bin/make -f CMakeFiles/cmTC_161e3.dir/build.make CMakeFiles/cmTC_161e3.dir/build
Building CXX object CMakeFiles/cmTC_161e3.dir/CheckSymbolExists.cxx.o
/Applications/Xcode.app/Contents/Developer/Toolchains/XcodeDefault.xctoolchain/usr/bin/c++    -I/usr/local/Cellar/llvm/6.0.0/include -D__STDC_CONSTANT_MACROS -D__STDC_FORMAT_MACROS -D__STDC_LIMIT_MACROS -Wall -Wextra -Wpointer-arith -Wnon-virtual-dtor -Wshadow -Wformat -std=c++11 -stdlib=libc++    -o CMakeFiles/cmTC_161e3.dir/CheckSymbolExists.cxx.o -c /Users/macbook/.emacs.d/rtags-2.14/CMakeFiles/CMakeTmp/CheckSymbolExists.cxx
Linking CXX executable cmTC_161e3
/usr/local/Cellar/cmake/3.11.3/bin/cmake -E cmake_link_script CMakeFiles/cmTC_161e3.dir/link.txt --verbose=1
/Applications/Xcode.app/Contents/Developer/Toolchains/XcodeDefault.xctoolchain/usr/bin/c++   -I/usr/local/Cellar/llvm/6.0.0/include -D__STDC_CONSTANT_MACROS -D__STDC_FORMAT_MACROS -D__STDC_LIMIT_MACROS -Wall -Wextra -Wpointer-arith -Wnon-virtual-dtor -Wshadow -Wformat -std=c++11 -stdlib=libc++  -Wl,-search_paths_first -Wl,-headerpad_max_install_names   CMakeFiles/cmTC_161e3.dir/CheckSymbolExists.cxx.o  -o cmTC_161e3 

File /Users/macbook/.emacs.d/rtags-2.14/CMakeFiles/CMakeTmp/CheckSymbolExists.cxx:
/* */
#include <mach/mach.h>
#include <mach/mach_time.h>

int main(int argc, char** argv)
{
  (void)argv;
#ifndef mach_absolute_time
  return ((int*)(&mach_absolute_time))[argc];
#else
  (void)argc;
  return 0;
#endif
}

Determining if the kqueue exist passed with the following output:
Change Dir: /Users/macbook/.emacs.d/rtags-2.14/CMakeFiles/CMakeTmp

Run Build Command:"/usr/bin/make" "cmTC_07d1c/fast"
/Applications/Xcode.app/Contents/Developer/usr/bin/make -f CMakeFiles/cmTC_07d1c.dir/build.make CMakeFiles/cmTC_07d1c.dir/build
Building CXX object CMakeFiles/cmTC_07d1c.dir/CheckSymbolExists.cxx.o
/Applications/Xcode.app/Contents/Developer/Toolchains/XcodeDefault.xctoolchain/usr/bin/c++    -I/usr/local/Cellar/llvm/6.0.0/include -D__STDC_CONSTANT_MACROS -D__STDC_FORMAT_MACROS -D__STDC_LIMIT_MACROS -Wall -Wextra -Wpointer-arith -Wnon-virtual-dtor -Wshadow -Wformat -std=c++11 -stdlib=libc++    -o CMakeFiles/cmTC_07d1c.dir/CheckSymbolExists.cxx.o -c /Users/macbook/.emacs.d/rtags-2.14/CMakeFiles/CMakeTmp/CheckSymbolExists.cxx
Linking CXX executable cmTC_07d1c
/usr/local/Cellar/cmake/3.11.3/bin/cmake -E cmake_link_script CMakeFiles/cmTC_07d1c.dir/link.txt --verbose=1
/Applications/Xcode.app/Contents/Developer/Toolchains/XcodeDefault.xctoolchain/usr/bin/c++   -I/usr/local/Cellar/llvm/6.0.0/include -D__STDC_CONSTANT_MACROS -D__STDC_FORMAT_MACROS -D__STDC_LIMIT_MACROS -Wall -Wextra -Wpointer-arith -Wnon-virtual-dtor -Wshadow -Wformat -std=c++11 -stdlib=libc++  -Wl,-search_paths_first -Wl,-headerpad_max_install_names   CMakeFiles/cmTC_07d1c.dir/CheckSymbolExists.cxx.o  -o cmTC_07d1c 

File /Users/macbook/.emacs.d/rtags-2.14/CMakeFiles/CMakeTmp/CheckSymbolExists.cxx:
/* */
#include <sys/types.h>
#include <sys/event.h>

int main(int argc, char** argv)
{
  (void)argv;
#ifndef kqueue
  return ((int*)(&kqueue))[argc];
#else
  (void)argc;
  return 0;
#endif
}

Determining if the select exist passed with the following output:
Change Dir: /Users/macbook/.emacs.d/rtags-2.14/CMakeFiles/CMakeTmp

Run Build Command:"/usr/bin/make" "cmTC_29d18/fast"
/Applications/Xcode.app/Contents/Developer/usr/bin/make -f CMakeFiles/cmTC_29d18.dir/build.make CMakeFiles/cmTC_29d18.dir/build
Building CXX object CMakeFiles/cmTC_29d18.dir/CheckSymbolExists.cxx.o
/Applications/Xcode.app/Contents/Developer/Toolchains/XcodeDefault.xctoolchain/usr/bin/c++    -I/usr/local/Cellar/llvm/6.0.0/include -D__STDC_CONSTANT_MACROS -D__STDC_FORMAT_MACROS -D__STDC_LIMIT_MACROS -Wall -Wextra -Wpointer-arith -Wnon-virtual-dtor -Wshadow -Wformat -std=c++11 -stdlib=libc++    -o CMakeFiles/cmTC_29d18.dir/CheckSymbolExists.cxx.o -c /Users/macbook/.emacs.d/rtags-2.14/CMakeFiles/CMakeTmp/CheckSymbolExists.cxx
Linking CXX executable cmTC_29d18
/usr/local/Cellar/cmake/3.11.3/bin/cmake -E cmake_link_script CMakeFiles/cmTC_29d18.dir/link.txt --verbose=1
/Applications/Xcode.app/Contents/Developer/Toolchains/XcodeDefault.xctoolchain/usr/bin/c++   -I/usr/local/Cellar/llvm/6.0.0/include -D__STDC_CONSTANT_MACROS -D__STDC_FORMAT_MACROS -D__STDC_LIMIT_MACROS -Wall -Wextra -Wpointer-arith -Wnon-virtual-dtor -Wshadow -Wformat -std=c++11 -stdlib=libc++  -Wl,-search_paths_first -Wl,-headerpad_max_install_names   CMakeFiles/cmTC_29d18.dir/CheckSymbolExists.cxx.o  -o cmTC_29d18 

File /Users/macbook/.emacs.d/rtags-2.14/CMakeFiles/CMakeTmp/CheckSymbolExists.cxx:
/* */
#include <sys/select.h>

int main(int argc, char** argv)
{
  (void)argv;
#ifndef select
  return ((int*)(&select))[argc];
#else
  (void)argc;
  return 0;
#endif
}

Determining if the FD_CLOEXEC exist passed with the following output:
Change Dir: /Users/macbook/.emacs.d/rtags-2.14/CMakeFiles/CMakeTmp

Run Build Command:"/usr/bin/make" "cmTC_ad3fb/fast"
/Applications/Xcode.app/Contents/Developer/usr/bin/make -f CMakeFiles/cmTC_ad3fb.dir/build.make CMakeFiles/cmTC_ad3fb.dir/build
Building CXX object CMakeFiles/cmTC_ad3fb.dir/CheckSymbolExists.cxx.o
/Applications/Xcode.app/Contents/Developer/Toolchains/XcodeDefault.xctoolchain/usr/bin/c++    -I/usr/local/Cellar/llvm/6.0.0/include -D__STDC_CONSTANT_MACROS -D__STDC_FORMAT_MACROS -D__STDC_LIMIT_MACROS -Wall -Wextra -Wpointer-arith -Wnon-virtual-dtor -Wshadow -Wformat -std=c++11 -stdlib=libc++    -o CMakeFiles/cmTC_ad3fb.dir/CheckSymbolExists.cxx.o -c /Users/macbook/.emacs.d/rtags-2.14/CMakeFiles/CMakeTmp/CheckSymbolExists.cxx
Linking CXX executable cmTC_ad3fb
/usr/local/Cellar/cmake/3.11.3/bin/cmake -E cmake_link_script CMakeFiles/cmTC_ad3fb.dir/link.txt --verbose=1
/Applications/Xcode.app/Contents/Developer/Toolchains/XcodeDefault.xctoolchain/usr/bin/c++   -I/usr/local/Cellar/llvm/6.0.0/include -D__STDC_CONSTANT_MACROS -D__STDC_FORMAT_MACROS -D__STDC_LIMIT_MACROS -Wall -Wextra -Wpointer-arith -Wnon-virtual-dtor -Wshadow -Wformat -std=c++11 -stdlib=libc++  -Wl,-search_paths_first -Wl,-headerpad_max_install_names   CMakeFiles/cmTC_ad3fb.dir/CheckSymbolExists.cxx.o  -o cmTC_ad3fb 

File /Users/macbook/.emacs.d/rtags-2.14/CMakeFiles/CMakeTmp/CheckSymbolExists.cxx:
/* */
#include <fcntl.h>

int main(int argc, char** argv)
{
  (void)argv;
#ifndef FD_CLOEXEC
  return ((int*)(&FD_CLOEXEC))[argc];
#else
  (void)argc;
  return 0;
#endif
}

Determining if the SO_NOSIGPIPE exist passed with the following output:
Change Dir: /Users/macbook/.emacs.d/rtags-2.14/CMakeFiles/CMakeTmp

Run Build Command:"/usr/bin/make" "cmTC_beb14/fast"
/Applications/Xcode.app/Contents/Developer/usr/bin/make -f CMakeFiles/cmTC_beb14.dir/build.make CMakeFiles/cmTC_beb14.dir/build
Building CXX object CMakeFiles/cmTC_beb14.dir/CheckSymbolExists.cxx.o
/Applications/Xcode.app/Contents/Developer/Toolchains/XcodeDefault.xctoolchain/usr/bin/c++    -I/usr/local/Cellar/llvm/6.0.0/include -D__STDC_CONSTANT_MACROS -D__STDC_FORMAT_MACROS -D__STDC_LIMIT_MACROS -Wall -Wextra -Wpointer-arith -Wnon-virtual-dtor -Wshadow -Wformat -std=c++11 -stdlib=libc++    -o CMakeFiles/cmTC_beb14.dir/CheckSymbolExists.cxx.o -c /Users/macbook/.emacs.d/rtags-2.14/CMakeFiles/CMakeTmp/CheckSymbolExists.cxx
Linking CXX executable cmTC_beb14
/usr/local/Cellar/cmake/3.11.3/bin/cmake -E cmake_link_script CMakeFiles/cmTC_beb14.dir/link.txt --verbose=1
/Applications/Xcode.app/Contents/Developer/Toolchains/XcodeDefault.xctoolchain/usr/bin/c++   -I/usr/local/Cellar/llvm/6.0.0/include -D__STDC_CONSTANT_MACROS -D__STDC_FORMAT_MACROS -D__STDC_LIMIT_MACROS -Wall -Wextra -Wpointer-arith -Wnon-virtual-dtor -Wshadow -Wformat -std=c++11 -stdlib=libc++  -Wl,-search_paths_first -Wl,-headerpad_max_install_names   CMakeFiles/cmTC_beb14.dir/CheckSymbolExists.cxx.o  -o cmTC_beb14 

File /Users/macbook/.emacs.d/rtags-2.14/CMakeFiles/CMakeTmp/CheckSymbolExists.cxx:
/* */
#include <sys/types.h>
#include <sys/socket.h>

int main(int argc, char** argv)
{
  (void)argv;
#ifndef SO_NOSIGPIPE
  return ((int*)(&SO_NOSIGPIPE))[argc];
#else
  (void)argc;
  return 0;
#endif
}

Performing C++ SOURCE FILE Test HAVE_CXX11 succeeded with the following output:
Change Dir: /Users/macbook/.emacs.d/rtags-2.14/CMakeFiles/CMakeTmp

Run Build Command:"/usr/bin/make" "cmTC_adc85/fast"
/Applications/Xcode.app/Contents/Developer/usr/bin/make -f CMakeFiles/cmTC_adc85.dir/build.make CMakeFiles/cmTC_adc85.dir/build
Building CXX object CMakeFiles/cmTC_adc85.dir/src.cxx.o
/Applications/Xcode.app/Contents/Developer/Toolchains/XcodeDefault.xctoolchain/usr/bin/c++    -I/usr/local/Cellar/llvm/6.0.0/include -D__STDC_CONSTANT_MACROS -D__STDC_FORMAT_MACROS -D__STDC_LIMIT_MACROS -Wall -Wextra -Wpointer-arith -Wnon-virtual-dtor -Wshadow -Wformat -std=c++11 -stdlib=libc++ -DHAVE_CXX11 -std=c++11   -o CMakeFiles/cmTC_adc85.dir/src.cxx.o -c /Users/macbook/.emacs.d/rtags-2.14/CMakeFiles/CMakeTmp/src.cxx
Linking CXX executable cmTC_adc85
/usr/local/Cellar/cmake/3.11.3/bin/cmake -E cmake_link_script CMakeFiles/cmTC_adc85.dir/link.txt --verbose=1
/Applications/Xcode.app/Contents/Developer/Toolchains/XcodeDefault.xctoolchain/usr/bin/c++   -I/usr/local/Cellar/llvm/6.0.0/include -D__STDC_CONSTANT_MACROS -D__STDC_FORMAT_MACROS -D__STDC_LIMIT_MACROS -Wall -Wextra -Wpointer-arith -Wnon-virtual-dtor -Wshadow -Wformat -std=c++11 -stdlib=libc++ -DHAVE_CXX11 -std=c++11 -Wl,-search_paths_first -Wl,-headerpad_max_install_names   CMakeFiles/cmTC_adc85.dir/src.cxx.o  -o cmTC_adc85 

Source file was:

  #include <functional>
  #include <memory>
  #include <mutex>
  #include <tuple>
  #include <string>
  #include </Users/macbook/.emacs.d/rtags-2.14/src/rct/rct/Apply.h>

  void callTest(int, std::string) { }

  int main(int, char**) {
      std::shared_ptr<int> ptr;
      std::mutex mtx;
      std::unique_lock<std::mutex> lock(mtx);
      std::tuple<int, std::string> tpl(5, std::string("foo"));
      applyMove(std::bind(callTest, std::placeholders::_1, std::placeholders::_2), tpl);
      return 0;
  }
Performing C++ SOURCE FILE Test HAVE_UNORDERDED_MAP_WORKING_MOVE_CONSTRUCTOR succeeded with the following output:
Change Dir: /Users/macbook/.emacs.d/rtags-2.14/CMakeFiles/CMakeTmp

Run Build Command:"/usr/bin/make" "cmTC_bd6fd/fast"
/Applications/Xcode.app/Contents/Developer/usr/bin/make -f CMakeFiles/cmTC_bd6fd.dir/build.make CMakeFiles/cmTC_bd6fd.dir/build
Building CXX object CMakeFiles/cmTC_bd6fd.dir/src.cxx.o
/Applications/Xcode.app/Contents/Developer/Toolchains/XcodeDefault.xctoolchain/usr/bin/c++    -I/usr/local/Cellar/llvm/6.0.0/include -D__STDC_CONSTANT_MACROS -D__STDC_FORMAT_MACROS -D__STDC_LIMIT_MACROS -Wall -Wextra -Wpointer-arith -Wnon-virtual-dtor -Wshadow -Wformat -std=c++11 -stdlib=libc++ -DHAVE_UNORDERDED_MAP_WORKING_MOVE_CONSTRUCTOR -std=c++11   -o CMakeFiles/cmTC_bd6fd.dir/src.cxx.o -c /Users/macbook/.emacs.d/rtags-2.14/CMakeFiles/CMakeTmp/src.cxx
Linking CXX executable cmTC_bd6fd
/usr/local/Cellar/cmake/3.11.3/bin/cmake -E cmake_link_script CMakeFiles/cmTC_bd6fd.dir/link.txt --verbose=1
/Applications/Xcode.app/Contents/Developer/Toolchains/XcodeDefault.xctoolchain/usr/bin/c++   -I/usr/local/Cellar/llvm/6.0.0/include -D__STDC_CONSTANT_MACROS -D__STDC_FORMAT_MACROS -D__STDC_LIMIT_MACROS -Wall -Wextra -Wpointer-arith -Wnon-virtual-dtor -Wshadow -Wformat -std=c++11 -stdlib=libc++ -DHAVE_UNORDERDED_MAP_WORKING_MOVE_CONSTRUCTOR -std=c++11 -Wl,-search_paths_first -Wl,-headerpad_max_install_names   CMakeFiles/cmTC_bd6fd.dir/src.cxx.o  -o cmTC_bd6fd 

Return value: 1
Source file was:

  #include <unordered_map>

  int main(int, char **)
  {
      std::unordered_map<int, int> a;
      a.emplace(1, 1);
      std::unordered_map<int, int> b = std::move(a);
      a.emplace(1, 1);
      return 0;
  }
Performing C++ SOURCE FILE Test HAVE_STRING_ITERATOR_ERASE succeeded with the following output:
Change Dir: /Users/macbook/.emacs.d/rtags-2.14/CMakeFiles/CMakeTmp

Run Build Command:"/usr/bin/make" "cmTC_1eb3e/fast"
/Applications/Xcode.app/Contents/Developer/usr/bin/make -f CMakeFiles/cmTC_1eb3e.dir/build.make CMakeFiles/cmTC_1eb3e.dir/build
Building CXX object CMakeFiles/cmTC_1eb3e.dir/src.cxx.o
/Applications/Xcode.app/Contents/Developer/Toolchains/XcodeDefault.xctoolchain/usr/bin/c++    -I/usr/local/Cellar/llvm/6.0.0/include -D__STDC_CONSTANT_MACROS -D__STDC_FORMAT_MACROS -D__STDC_LIMIT_MACROS -Wall -Wextra -Wpointer-arith -Wnon-virtual-dtor -Wshadow -Wformat -std=c++11 -stdlib=libc++ -DHAVE_STRING_ITERATOR_ERASE -std=c++11   -o CMakeFiles/cmTC_1eb3e.dir/src.cxx.o -c /Users/macbook/.emacs.d/rtags-2.14/CMakeFiles/CMakeTmp/src.cxx
/Users/macbook/.emacs.d/rtags-2.14/CMakeFiles/CMakeTmp/src.cxx:7:29: warning: unused variable 'it' [-Wunused-variable]
      std::string::iterator it = str.erase(str.begin(), str.end());
                            ^
1 warning generated.
Linking CXX executable cmTC_1eb3e
/usr/local/Cellar/cmake/3.11.3/bin/cmake -E cmake_link_script CMakeFiles/cmTC_1eb3e.dir/link.txt --verbose=1
/Applications/Xcode.app/Contents/Developer/Toolchains/XcodeDefault.xctoolchain/usr/bin/c++   -I/usr/local/Cellar/llvm/6.0.0/include -D__STDC_CONSTANT_MACROS -D__STDC_FORMAT_MACROS -D__STDC_LIMIT_MACROS -Wall -Wextra -Wpointer-arith -Wnon-virtual-dtor -Wshadow -Wformat -std=c++11 -stdlib=libc++ -DHAVE_STRING_ITERATOR_ERASE -std=c++11 -Wl,-search_paths_first -Wl,-headerpad_max_install_names   CMakeFiles/cmTC_1eb3e.dir/src.cxx.o  -o cmTC_1eb3e 

Return value: 1
Source file was:

  #include <string>

  int main(int, char **)
  {
      std::string str = "foobar testing";
      std::string::iterator it = str.erase(str.begin(), str.end());
      return 0;
  }
